#
# There is insufficient memory for the Java Runtime Environment to continue.
# Native memory allocation (malloc) failed to allocate 32744 bytes for ChunkPool::allocate
# Possible reasons:
#   The system is out of physical RAM or swap space
#   The process is running with CompressedOops enabled, and the Java Heap may be blocking the growth of the native heap
# Possible solutions:
#   Reduce memory load on the system
#   Increase physical memory or swap space
#   Check if swap backing store is full
#   Decrease Java heap size (-Xmx/-Xms)
#   Decrease number of Java threads
#   Decrease Java thread stack sizes (-Xss)
#   Set larger code cache with -XX:ReservedCodeCacheSize=
#   JVM is running with Unscaled Compressed Oops mode in which the Java heap is
#     placed in the first 4GB address space. The Java Heap base address is the
#     maximum limit for the native heap growth. Please use -XX:HeapBaseMinAddress
#     to set the Java Heap base and to place the Java Heap above 4GB virtual address.
# This output file may be truncated or incomplete.
#
#  Out of Memory Error (./open/src/hotspot/share/memory/arena.cpp:81), pid=49388, tid=33776
#
# JRE version: Java(TM) SE Runtime Environment 18.9 (11.0.14+8) (build 11.0.14+8-LTS-263)
# Java VM: Java HotSpot(TM) 64-Bit Server VM 18.9 (11.0.14+8-LTS-263, mixed mode, tiered, compressed oops, g1 gc, windows-amd64)
# No core dump will be written. Minidumps are not enabled by default on client versions of Windows
#

---------------  S U M M A R Y ------------

Command Line: com.mycompany.flowmanagementsystem.mainFlowManagementSystem

Host: Intel(R) Core(TM) i5-10500T CPU @ 2.30GHz, 12 cores, 7G,  Windows 10 , 64 bit Build 19041 (10.0.19041.928)
Time: Fri Jul 22 09:03:43 2022 West Pacific Standard Time elapsed time: 164.846023 seconds (0d 0h 2m 44s)

---------------  T H R E A D  ---------------

Current thread (0x00000263bbfda800):  JavaThread "C2 CompilerThread0" daemon [_thread_in_native, id=33776, stack(0x000000ffc6e00000,0x000000ffc6f00000)]


Current CompileTask:
C2: 164847 1989 % !   4       com.mycompany.flowmanagementsystem.Manual::getManual @ 2213 (3159 bytes)

Stack: [0x000000ffc6e00000,0x000000ffc6f00000]
Native frames: (J=compiled Java code, j=interpreted, Vv=VM code, C=native code)
V  [jvm.dll+0x6296da]
V  [jvm.dll+0x76323f]
V  [jvm.dll+0x7648e9]
V  [jvm.dll+0x764f73]
V  [jvm.dll+0x23d7c8]
V  [jvm.dll+0xb2bdb]
V  [jvm.dll+0xb2f3c]
V  [jvm.dll+0x345cdb]
V  [jvm.dll+0x522e86]
V  [jvm.dll+0x522000]
V  [jvm.dll+0x522aeb]
V  [jvm.dll+0x18c828]
V  [jvm.dll+0x1f8472]
V  [jvm.dll+0x1f754d]
V  [jvm.dll+0x177b21]
V  [jvm.dll+0x206e26]
V  [jvm.dll+0x204fbb]
V  [jvm.dll+0x729170]
V  [jvm.dll+0x721d44]
V  [jvm.dll+0x6285d6]
C  [ucrtbase.dll+0x21bb2]
C  [KERNEL32.DLL+0x17034]
C  [ntdll.dll+0x52651]


---------------  P R O C E S S  ---------------

Threads class SMR info:
_java_thread_list=0x00000263bd2cdf80, length=12, elements={
0x000002639d56b800, 0x00000263bbfc4800, 0x00000263bbfc6000, 0x00000263bc030800,
0x00000263bc032800, 0x00000263bc034000, 0x00000263bbfda800, 0x00000263bbfdd800,
0x00000263bbfe4000, 0x00000263bc1a5000, 0x00000263bd309800, 0x00000263bd57a000
}

Java Threads: ( => current thread )
  0x000002639d56b800 JavaThread "main" [_thread_in_native, id=49756, stack(0x000000ffc6200000,0x000000ffc6300000)]
  0x00000263bbfc4800 JavaThread "Reference Handler" daemon [_thread_blocked, id=45040, stack(0x000000ffc6900000,0x000000ffc6a00000)]
  0x00000263bbfc6000 JavaThread "Finalizer" daemon [_thread_blocked, id=23720, stack(0x000000ffc6a00000,0x000000ffc6b00000)]
  0x00000263bc030800 JavaThread "Signal Dispatcher" daemon [_thread_blocked, id=36904, stack(0x000000ffc6b00000,0x000000ffc6c00000)]
  0x00000263bc032800 JavaThread "Attach Listener" daemon [_thread_blocked, id=38060, stack(0x000000ffc6c00000,0x000000ffc6d00000)]
  0x00000263bc034000 JavaThread "Service Thread" daemon [_thread_blocked, id=48360, stack(0x000000ffc6d00000,0x000000ffc6e00000)]
=>0x00000263bbfda800 JavaThread "C2 CompilerThread0" daemon [_thread_in_native, id=33776, stack(0x000000ffc6e00000,0x000000ffc6f00000)]
  0x00000263bbfdd800 JavaThread "C1 CompilerThread0" daemon [_thread_blocked, id=47476, stack(0x000000ffc6f00000,0x000000ffc7000000)]
  0x00000263bbfe4000 JavaThread "Sweeper thread" daemon [_thread_blocked, id=48456, stack(0x000000ffc7000000,0x000000ffc7100000)]
  0x00000263bc1a5000 JavaThread "Common-Cleaner" daemon [_thread_blocked, id=25272, stack(0x000000ffc7200000,0x000000ffc7300000)]
  0x00000263bd309800 JavaThread "FileSystemWatchService" daemon [_thread_in_native, id=38644, stack(0x000000ffc7500000,0x000000ffc7600000)]
  0x00000263bd57a000 JavaThread "FileSystemWatchService" daemon [_thread_in_native, id=34764, stack(0x000000ffc5d00000,0x000000ffc5e00000)]

Other Threads:
  0x00000263bbfc2800 VMThread "VM Thread" [stack: 0x000000ffc6800000,0x000000ffc6900000] [id=37804]
  0x00000263bc1a8000 WatcherThread [stack: 0x000000ffc7100000,0x000000ffc7200000] [id=49412]
  0x000002639d583800 GCTaskThread "GC Thread#0" [stack: 0x000000ffc6300000,0x000000ffc6400000] [id=49544]
  0x00000263bcc12000 GCTaskThread "GC Thread#1" [stack: 0x000000ffc7300000,0x000000ffc7400000] [id=43336]
  0x00000263bcb6a800 GCTaskThread "GC Thread#2" [stack: 0x000000ffc7400000,0x000000ffc7500000] [id=48528]
  0x000002639d5b4000 ConcurrentGCThread "G1 Main Marker" [stack: 0x000000ffc6400000,0x000000ffc6500000] [id=50080]
  0x000002639d5b6000 ConcurrentGCThread "G1 Conc#0" [stack: 0x000000ffc6500000,0x000000ffc6600000] [id=16940]
  0x00000263bad80000 ConcurrentGCThread "G1 Refine#0" [stack: 0x000000ffc6600000,0x000000ffc6700000] [id=38664]
  0x00000263bad81000 ConcurrentGCThread "G1 Young RemSet Sampling" [stack: 0x000000ffc6700000,0x000000ffc6800000] [id=46184]

Threads with active compile tasks:
C2 CompilerThread0 164979 1989 % !   4       com.mycompany.flowmanagementsystem.Manual::getManual @ 2213 (3159 bytes)

VM state:not at safepoint (normal execution)

VM Mutex/Monitor currently owned by a thread: None

Heap address: 0x0000000083800000, size: 1992 MB, Compressed Oops mode: 32-bit
Narrow klass base: 0x0000000000000000, Narrow klass shift: 3
Compressed class space size: 1073741824 Address: 0x0000000100000000

Heap:
 garbage-first heap   total 129024K, used 73871K [0x0000000083800000, 0x0000000100000000)
  region size 1024K, 68 young (69632K), 3 survivors (3072K)
 Metaspace       used 18768K, capacity 19157K, committed 19456K, reserved 1067008K
  class space    used 1832K, capacity 1985K, committed 2048K, reserved 1048576K
Heap Regions: E=young(eden), S=young(survivor), O=old, HS=humongous(starts), HC=humongous(continues), CS=collection set, F=free, A=archive, TAMS=top-at-mark-start (previous, next)
|   0|0x0000000083800000, 0x0000000083900000, 0x0000000083900000|100%| O|  |TAMS 0x0000000083800000, 0x0000000083800000| Untracked 
|   1|0x0000000083900000, 0x0000000083a00000, 0x0000000083a00000|100%| O|  |TAMS 0x0000000083900000, 0x0000000083900000| Untracked 
|   2|0x0000000083a00000, 0x0000000083b00000, 0x0000000083b00000|100%| O|  |TAMS 0x0000000083a00000, 0x0000000083a00000| Untracked 
|   3|0x0000000083b00000, 0x0000000083c00000, 0x0000000083c00000|100%| O|  |TAMS 0x0000000083b00000, 0x0000000083b00000| Untracked 
|   4|0x0000000083c00000, 0x0000000083d00000, 0x0000000083d00000|100%| O|  |TAMS 0x0000000083c00000, 0x0000000083c00000| Untracked 
|   5|0x0000000083d00000, 0x0000000083d23c00, 0x0000000083e00000| 13%| O|  |TAMS 0x0000000083d00000, 0x0000000083d00000| Untracked 
|   6|0x0000000083e00000, 0x0000000083e00000, 0x0000000083f00000|  0%| F|  |TAMS 0x0000000083e00000, 0x0000000083e00000| Untracked 
|   7|0x0000000083f00000, 0x0000000083f00000, 0x0000000084000000|  0%| F|  |TAMS 0x0000000083f00000, 0x0000000083f00000| Untracked 
|   8|0x0000000084000000, 0x0000000084000000, 0x0000000084100000|  0%| F|  |TAMS 0x0000000084000000, 0x0000000084000000| Untracked 
|   9|0x0000000084100000, 0x0000000084100000, 0x0000000084200000|  0%| F|  |TAMS 0x0000000084100000, 0x0000000084100000| Untracked 
|  10|0x0000000084200000, 0x0000000084200000, 0x0000000084300000|  0%| F|  |TAMS 0x0000000084200000, 0x0000000084200000| Untracked 
|  11|0x0000000084300000, 0x0000000084300000, 0x0000000084400000|  0%| F|  |TAMS 0x0000000084300000, 0x0000000084300000| Untracked 
|  12|0x0000000084400000, 0x0000000084400000, 0x0000000084500000|  0%| F|  |TAMS 0x0000000084400000, 0x0000000084400000| Untracked 
|  13|0x0000000084500000, 0x0000000084500000, 0x0000000084600000|  0%| F|  |TAMS 0x0000000084500000, 0x0000000084500000| Untracked 
|  14|0x0000000084600000, 0x0000000084600000, 0x0000000084700000|  0%| F|  |TAMS 0x0000000084600000, 0x0000000084600000| Untracked 
|  15|0x0000000084700000, 0x0000000084700000, 0x0000000084800000|  0%| F|  |TAMS 0x0000000084700000, 0x0000000084700000| Untracked 
|  16|0x0000000084800000, 0x0000000084800000, 0x0000000084900000|  0%| F|  |TAMS 0x0000000084800000, 0x0000000084800000| Untracked 
|  17|0x0000000084900000, 0x0000000084900000, 0x0000000084a00000|  0%| F|  |TAMS 0x0000000084900000, 0x0000000084900000| Untracked 
|  18|0x0000000084a00000, 0x0000000084a00000, 0x0000000084b00000|  0%| F|  |TAMS 0x0000000084a00000, 0x0000000084a00000| Untracked 
|  19|0x0000000084b00000, 0x0000000084b00000, 0x0000000084c00000|  0%| F|  |TAMS 0x0000000084b00000, 0x0000000084b00000| Untracked 
|  20|0x0000000084c00000, 0x0000000084c00000, 0x0000000084d00000|  0%| F|  |TAMS 0x0000000084c00000, 0x0000000084c00000| Untracked 
|  21|0x0000000084d00000, 0x0000000084d00000, 0x0000000084e00000|  0%| F|  |TAMS 0x0000000084d00000, 0x0000000084d00000| Untracked 
|  22|0x0000000084e00000, 0x0000000084e00000, 0x0000000084f00000|  0%| F|  |TAMS 0x0000000084e00000, 0x0000000084e00000| Untracked 
|  23|0x0000000084f00000, 0x0000000084f00000, 0x0000000085000000|  0%| F|  |TAMS 0x0000000084f00000, 0x0000000084f00000| Untracked 
|  24|0x0000000085000000, 0x0000000085000000, 0x0000000085100000|  0%| F|  |TAMS 0x0000000085000000, 0x0000000085000000| Untracked 
|  25|0x0000000085100000, 0x0000000085100000, 0x0000000085200000|  0%| F|  |TAMS 0x0000000085100000, 0x0000000085100000| Untracked 
|  26|0x0000000085200000, 0x0000000085200000, 0x0000000085300000|  0%| F|  |TAMS 0x0000000085200000, 0x0000000085200000| Untracked 
|  27|0x0000000085300000, 0x0000000085300000, 0x0000000085400000|  0%| F|  |TAMS 0x0000000085300000, 0x0000000085300000| Untracked 
|  28|0x0000000085400000, 0x0000000085400000, 0x0000000085500000|  0%| F|  |TAMS 0x0000000085400000, 0x0000000085400000| Untracked 
|  29|0x0000000085500000, 0x0000000085500000, 0x0000000085600000|  0%| F|  |TAMS 0x0000000085500000, 0x0000000085500000| Untracked 
|  30|0x0000000085600000, 0x0000000085600000, 0x0000000085700000|  0%| F|  |TAMS 0x0000000085600000, 0x0000000085600000| Untracked 
|  31|0x0000000085700000, 0x0000000085700000, 0x0000000085800000|  0%| F|  |TAMS 0x0000000085700000, 0x0000000085700000| Untracked 
|  32|0x0000000085800000, 0x0000000085800000, 0x0000000085900000|  0%| F|  |TAMS 0x0000000085800000, 0x0000000085800000| Untracked 
|  33|0x0000000085900000, 0x0000000085900000, 0x0000000085a00000|  0%| F|  |TAMS 0x0000000085900000, 0x0000000085900000| Untracked 
|  34|0x0000000085a00000, 0x0000000085a00000, 0x0000000085b00000|  0%| F|  |TAMS 0x0000000085a00000, 0x0000000085a00000| Untracked 
|  35|0x0000000085b00000, 0x0000000085b00000, 0x0000000085c00000|  0%| F|  |TAMS 0x0000000085b00000, 0x0000000085b00000| Untracked 
|  36|0x0000000085c00000, 0x0000000085c00000, 0x0000000085d00000|  0%| F|  |TAMS 0x0000000085c00000, 0x0000000085c00000| Untracked 
|  37|0x0000000085d00000, 0x0000000085d00000, 0x0000000085e00000|  0%| F|  |TAMS 0x0000000085d00000, 0x0000000085d00000| Untracked 
|  38|0x0000000085e00000, 0x0000000085e00000, 0x0000000085f00000|  0%| F|  |TAMS 0x0000000085e00000, 0x0000000085e00000| Untracked 
|  39|0x0000000085f00000, 0x0000000085f00000, 0x0000000086000000|  0%| F|  |TAMS 0x0000000085f00000, 0x0000000085f00000| Untracked 
|  40|0x0000000086000000, 0x0000000086000000, 0x0000000086100000|  0%| F|  |TAMS 0x0000000086000000, 0x0000000086000000| Untracked 
|  41|0x0000000086100000, 0x0000000086100000, 0x0000000086200000|  0%| F|  |TAMS 0x0000000086100000, 0x0000000086100000| Untracked 
|  42|0x0000000086200000, 0x0000000086200000, 0x0000000086300000|  0%| F|  |TAMS 0x0000000086200000, 0x0000000086200000| Untracked 
|  43|0x0000000086300000, 0x0000000086300000, 0x0000000086400000|  0%| F|  |TAMS 0x0000000086300000, 0x0000000086300000| Untracked 
|  44|0x0000000086400000, 0x0000000086400000, 0x0000000086500000|  0%| F|  |TAMS 0x0000000086400000, 0x0000000086400000| Untracked 
|  45|0x0000000086500000, 0x0000000086500000, 0x0000000086600000|  0%| F|  |TAMS 0x0000000086500000, 0x0000000086500000| Untracked 
|  46|0x0000000086600000, 0x0000000086600000, 0x0000000086700000|  0%| F|  |TAMS 0x0000000086600000, 0x0000000086600000| Untracked 
|  47|0x0000000086700000, 0x0000000086700000, 0x0000000086800000|  0%| F|  |TAMS 0x0000000086700000, 0x0000000086700000| Untracked 
|  48|0x0000000086800000, 0x0000000086800000, 0x0000000086900000|  0%| F|  |TAMS 0x0000000086800000, 0x0000000086800000| Untracked 
|  49|0x0000000086900000, 0x0000000086900000, 0x0000000086a00000|  0%| F|  |TAMS 0x0000000086900000, 0x0000000086900000| Untracked 
|  50|0x0000000086a00000, 0x0000000086a00000, 0x0000000086b00000|  0%| F|  |TAMS 0x0000000086a00000, 0x0000000086a00000| Untracked 
|  51|0x0000000086b00000, 0x0000000086b00000, 0x0000000086c00000|  0%| F|  |TAMS 0x0000000086b00000, 0x0000000086b00000| Untracked 
|  52|0x0000000086c00000, 0x0000000086c00000, 0x0000000086d00000|  0%| F|  |TAMS 0x0000000086c00000, 0x0000000086c00000| Untracked 
|  53|0x0000000086d00000, 0x0000000086d00000, 0x0000000086e00000|  0%| F|  |TAMS 0x0000000086d00000, 0x0000000086d00000| Untracked 
|  54|0x0000000086e00000, 0x0000000086e00000, 0x0000000086f00000|  0%| F|  |TAMS 0x0000000086e00000, 0x0000000086e00000| Untracked 
|  55|0x0000000086f00000, 0x0000000086f00000, 0x0000000087000000|  0%| F|  |TAMS 0x0000000086f00000, 0x0000000086f00000| Untracked 
|  56|0x0000000087000000, 0x0000000087000000, 0x0000000087100000|  0%| F|  |TAMS 0x0000000087000000, 0x0000000087000000| Untracked 
|  57|0x0000000087100000, 0x0000000087180800, 0x0000000087200000| 50%| E|  |TAMS 0x0000000087100000, 0x0000000087100000| Complete 
|  58|0x0000000087200000, 0x0000000087300000, 0x0000000087300000|100%| E|CS|TAMS 0x0000000087200000, 0x0000000087200000| Complete 
|  59|0x0000000087300000, 0x0000000087400000, 0x0000000087400000|100%| E|CS|TAMS 0x0000000087300000, 0x0000000087300000| Complete 
|  60|0x0000000087400000, 0x0000000087500000, 0x0000000087500000|100%| E|CS|TAMS 0x0000000087400000, 0x0000000087400000| Complete 
|  61|0x0000000087500000, 0x0000000087600000, 0x0000000087600000|100%| E|CS|TAMS 0x0000000087500000, 0x0000000087500000| Complete 
|  62|0x0000000087600000, 0x0000000087700000, 0x0000000087700000|100%| E|CS|TAMS 0x0000000087600000, 0x0000000087600000| Complete 
|  63|0x0000000087700000, 0x0000000087800000, 0x0000000087800000|100%| E|CS|TAMS 0x0000000087700000, 0x0000000087700000| Complete 
|  64|0x0000000087800000, 0x0000000087900000, 0x0000000087900000|100%| E|CS|TAMS 0x0000000087800000, 0x0000000087800000| Complete 
|  65|0x0000000087900000, 0x0000000087a00000, 0x0000000087a00000|100%| E|CS|TAMS 0x0000000087900000, 0x0000000087900000| Complete 
|  66|0x0000000087a00000, 0x0000000087b00000, 0x0000000087b00000|100%| E|CS|TAMS 0x0000000087a00000, 0x0000000087a00000| Complete 
|  67|0x0000000087b00000, 0x0000000087c00000, 0x0000000087c00000|100%| E|CS|TAMS 0x0000000087b00000, 0x0000000087b00000| Complete 
|  68|0x0000000087c00000, 0x0000000087d00000, 0x0000000087d00000|100%| E|CS|TAMS 0x0000000087c00000, 0x0000000087c00000| Complete 
|  69|0x0000000087d00000, 0x0000000087e00000, 0x0000000087e00000|100%| E|CS|TAMS 0x0000000087d00000, 0x0000000087d00000| Complete 
|  70|0x0000000087e00000, 0x0000000087f00000, 0x0000000087f00000|100%| E|CS|TAMS 0x0000000087e00000, 0x0000000087e00000| Complete 
|  71|0x0000000087f00000, 0x0000000088000000, 0x0000000088000000|100%| E|CS|TAMS 0x0000000087f00000, 0x0000000087f00000| Complete 
|  72|0x0000000088000000, 0x0000000088100000, 0x0000000088100000|100%| E|CS|TAMS 0x0000000088000000, 0x0000000088000000| Complete 
|  73|0x0000000088100000, 0x0000000088200000, 0x0000000088200000|100%| E|CS|TAMS 0x0000000088100000, 0x0000000088100000| Complete 
|  74|0x0000000088200000, 0x0000000088300000, 0x0000000088300000|100%| E|CS|TAMS 0x0000000088200000, 0x0000000088200000| Complete 
|  75|0x0000000088300000, 0x0000000088400000, 0x0000000088400000|100%| E|CS|TAMS 0x0000000088300000, 0x0000000088300000| Complete 
|  76|0x0000000088400000, 0x0000000088500000, 0x0000000088500000|100%| E|CS|TAMS 0x0000000088400000, 0x0000000088400000| Complete 
|  77|0x0000000088500000, 0x0000000088600000, 0x0000000088600000|100%| E|CS|TAMS 0x0000000088500000, 0x0000000088500000| Complete 
|  78|0x0000000088600000, 0x0000000088700000, 0x0000000088700000|100%| E|CS|TAMS 0x0000000088600000, 0x0000000088600000| Complete 
|  79|0x0000000088700000, 0x0000000088800000, 0x0000000088800000|100%| E|CS|TAMS 0x0000000088700000, 0x0000000088700000| Complete 
|  80|0x0000000088800000, 0x0000000088900000, 0x0000000088900000|100%| E|CS|TAMS 0x0000000088800000, 0x0000000088800000| Complete 
|  81|0x0000000088900000, 0x0000000088a00000, 0x0000000088a00000|100%| E|CS|TAMS 0x0000000088900000, 0x0000000088900000| Complete 
|  82|0x0000000088a00000, 0x0000000088b00000, 0x0000000088b00000|100%| E|CS|TAMS 0x0000000088a00000, 0x0000000088a00000| Complete 
|  83|0x0000000088b00000, 0x0000000088c00000, 0x0000000088c00000|100%| E|CS|TAMS 0x0000000088b00000, 0x0000000088b00000| Complete 
|  84|0x0000000088c00000, 0x0000000088d00000, 0x0000000088d00000|100%| E|CS|TAMS 0x0000000088c00000, 0x0000000088c00000| Complete 
|  85|0x0000000088d00000, 0x0000000088e00000, 0x0000000088e00000|100%| E|CS|TAMS 0x0000000088d00000, 0x0000000088d00000| Complete 
|  86|0x0000000088e00000, 0x0000000088f00000, 0x0000000088f00000|100%| E|CS|TAMS 0x0000000088e00000, 0x0000000088e00000| Complete 
|  87|0x0000000088f00000, 0x0000000089000000, 0x0000000089000000|100%| E|CS|TAMS 0x0000000088f00000, 0x0000000088f00000| Complete 
|  88|0x0000000089000000, 0x0000000089100000, 0x0000000089100000|100%| E|CS|TAMS 0x0000000089000000, 0x0000000089000000| Complete 
|  89|0x0000000089100000, 0x0000000089200000, 0x0000000089200000|100%| E|CS|TAMS 0x0000000089100000, 0x0000000089100000| Complete 
|  90|0x0000000089200000, 0x0000000089300000, 0x0000000089300000|100%| E|CS|TAMS 0x0000000089200000, 0x0000000089200000| Complete 
|  91|0x0000000089300000, 0x0000000089400000, 0x0000000089400000|100%| E|CS|TAMS 0x0000000089300000, 0x0000000089300000| Complete 
|  92|0x0000000089400000, 0x0000000089500000, 0x0000000089500000|100%| E|CS|TAMS 0x0000000089400000, 0x0000000089400000| Complete 
|  93|0x0000000089500000, 0x0000000089600000, 0x0000000089600000|100%| E|CS|TAMS 0x0000000089500000, 0x0000000089500000| Complete 
|  94|0x0000000089600000, 0x0000000089700000, 0x0000000089700000|100%| E|CS|TAMS 0x0000000089600000, 0x0000000089600000| Complete 
|  95|0x0000000089700000, 0x0000000089800000, 0x0000000089800000|100%| E|CS|TAMS 0x0000000089700000, 0x0000000089700000| Complete 
|  96|0x0000000089800000, 0x0000000089900000, 0x0000000089900000|100%| E|CS|TAMS 0x0000000089800000, 0x0000000089800000| Complete 
|  97|0x0000000089900000, 0x0000000089a00000, 0x0000000089a00000|100%| E|CS|TAMS 0x0000000089900000, 0x0000000089900000| Complete 
|  98|0x0000000089a00000, 0x0000000089b00000, 0x0000000089b00000|100%| E|CS|TAMS 0x0000000089a00000, 0x0000000089a00000| Complete 
|  99|0x0000000089b00000, 0x0000000089c00000, 0x0000000089c00000|100%| S|CS|TAMS 0x0000000089b00000, 0x0000000089b00000| Complete 
| 100|0x0000000089c00000, 0x0000000089d00000, 0x0000000089d00000|100%| S|CS|TAMS 0x0000000089c00000, 0x0000000089c00000| Complete 
| 101|0x0000000089d00000, 0x0000000089e00000, 0x0000000089e00000|100%| S|CS|TAMS 0x0000000089d00000, 0x0000000089d00000| Complete 
| 102|0x0000000089e00000, 0x0000000089f00000, 0x0000000089f00000|100%| E|CS|TAMS 0x0000000089e00000, 0x0000000089e00000| Complete 
| 103|0x0000000089f00000, 0x000000008a000000, 0x000000008a000000|100%| E|CS|TAMS 0x0000000089f00000, 0x0000000089f00000| Complete 
| 104|0x000000008a000000, 0x000000008a100000, 0x000000008a100000|100%| E|CS|TAMS 0x000000008a000000, 0x000000008a000000| Complete 
| 105|0x000000008a100000, 0x000000008a200000, 0x000000008a200000|100%| E|CS|TAMS 0x000000008a100000, 0x000000008a100000| Complete 
| 106|0x000000008a200000, 0x000000008a300000, 0x000000008a300000|100%| E|CS|TAMS 0x000000008a200000, 0x000000008a200000| Complete 
| 107|0x000000008a300000, 0x000000008a400000, 0x000000008a400000|100%| E|CS|TAMS 0x000000008a300000, 0x000000008a300000| Complete 
| 108|0x000000008a400000, 0x000000008a500000, 0x000000008a500000|100%| E|CS|TAMS 0x000000008a400000, 0x000000008a400000| Complete 
| 109|0x000000008a500000, 0x000000008a600000, 0x000000008a600000|100%| E|CS|TAMS 0x000000008a500000, 0x000000008a500000| Complete 
| 110|0x000000008a600000, 0x000000008a700000, 0x000000008a700000|100%| E|CS|TAMS 0x000000008a600000, 0x000000008a600000| Complete 
| 111|0x000000008a700000, 0x000000008a800000, 0x000000008a800000|100%| E|CS|TAMS 0x000000008a700000, 0x000000008a700000| Complete 
| 112|0x000000008a800000, 0x000000008a900000, 0x000000008a900000|100%| E|CS|TAMS 0x000000008a800000, 0x000000008a800000| Complete 
| 113|0x000000008a900000, 0x000000008aa00000, 0x000000008aa00000|100%| E|CS|TAMS 0x000000008a900000, 0x000000008a900000| Complete 
| 114|0x000000008aa00000, 0x000000008ab00000, 0x000000008ab00000|100%| E|CS|TAMS 0x000000008aa00000, 0x000000008aa00000| Complete 
| 115|0x000000008ab00000, 0x000000008ac00000, 0x000000008ac00000|100%| E|CS|TAMS 0x000000008ab00000, 0x000000008ab00000| Complete 
| 116|0x000000008ac00000, 0x000000008ad00000, 0x000000008ad00000|100%| E|CS|TAMS 0x000000008ac00000, 0x000000008ac00000| Complete 
| 117|0x000000008ad00000, 0x000000008ae00000, 0x000000008ae00000|100%| E|CS|TAMS 0x000000008ad00000, 0x000000008ad00000| Complete 
| 118|0x000000008ae00000, 0x000000008af00000, 0x000000008af00000|100%| E|CS|TAMS 0x000000008ae00000, 0x000000008ae00000| Complete 
| 119|0x000000008af00000, 0x000000008b000000, 0x000000008b000000|100%| E|CS|TAMS 0x000000008af00000, 0x000000008af00000| Complete 
| 120|0x000000008b000000, 0x000000008b100000, 0x000000008b100000|100%| E|CS|TAMS 0x000000008b000000, 0x000000008b000000| Complete 
| 121|0x000000008b100000, 0x000000008b200000, 0x000000008b200000|100%| E|CS|TAMS 0x000000008b100000, 0x000000008b100000| Complete 
| 122|0x000000008b200000, 0x000000008b300000, 0x000000008b300000|100%| E|CS|TAMS 0x000000008b200000, 0x000000008b200000| Complete 
| 123|0x000000008b300000, 0x000000008b400000, 0x000000008b400000|100%| E|CS|TAMS 0x000000008b300000, 0x000000008b300000| Complete 
| 124|0x000000008b400000, 0x000000008b500000, 0x000000008b500000|100%| E|CS|TAMS 0x000000008b400000, 0x000000008b400000| Complete 
| 125|0x000000008b500000, 0x000000008b600000, 0x000000008b600000|100%| E|CS|TAMS 0x000000008b500000, 0x000000008b500000| Complete 

Card table byte_map: [0x00000263b44a0000,0x00000263b4890000] _byte_map_base: 0x00000263b4084000

Marking Bits (Prev, Next): (CMBitMap*) 0x000002639d5ab348, (CMBitMap*) 0x000002639d5ab380
 Prev Bits: [0x00000263b4c80000, 0x00000263b6ba0000)
 Next Bits: [0x00000263b6ba0000, 0x00000263b8ac0000)

Polling page: 0x000002639ccc0000

Metaspace:

Usage:
  Non-class:     16.77 MB capacity,    16.54 MB ( 99%) used,   193.28 KB (  1%) free+waste,    43.13 KB ( <1%) overhead. 
      Class:      1.94 MB capacity,     1.79 MB ( 92%) used,   132.40 KB (  7%) free+waste,    20.00 KB (  1%) overhead. 
       Both:     18.71 MB capacity,    18.33 MB ( 98%) used,   325.68 KB (  2%) free+waste,    63.13 KB ( <1%) overhead. 

Virtual space:
  Non-class space:       18.00 MB reserved,      17.00 MB ( 94%) committed 
      Class space:        1.00 GB reserved,       2.00 MB ( <1%) committed 
             Both:        1.02 GB reserved,      19.00 MB (  2%) committed 

Chunk freelists:
   Non-Class:  5.50 KB
       Class:  0 bytes
        Both:  5.50 KB

CodeHeap 'non-profiled nmethods': size=120000Kb used=1016Kb max_used=1016Kb free=118983Kb
 bounds [0x00000263ac630000, 0x00000263ac8a0000, 0x00000263b3b60000]
CodeHeap 'profiled nmethods': size=120000Kb used=4772Kb max_used=4772Kb free=115227Kb
 bounds [0x00000263a5100000, 0x00000263a55b0000, 0x00000263ac630000]
CodeHeap 'non-nmethods': size=5760Kb used=1156Kb max_used=1222Kb free=4603Kb
 bounds [0x00000263a4b60000, 0x00000263a4dd0000, 0x00000263a5100000]
 total_blobs=2483 nmethods=1991 adapters=403
 compilation: enabled
              stopped_count=0, restarted_count=0
 full_count=0

Compilation events (10 events):
Event: 161.766 Thread 0x00000263bbfdd800 nmethod 1984 0x00000263a559d390 code [0x00000263a559d5c0, 0x00000263a559dfa8]
Event: 161.768 Thread 0x00000263bbfdd800 1985       3       java.lang.String::replace (149 bytes)
Event: 161.768 Thread 0x00000263bbfda800 1986       4       com.sun.org.apache.xerces.internal.xni.QName::<init> (9 bytes)
Event: 161.769 Thread 0x00000263bbfdd800 nmethod 1985 0x00000263a559e210 code [0x00000263a559e540, 0x00000263a559f7c8]
Event: 161.769 Thread 0x00000263bbfda800 nmethod 1986 0x00000263ac724e10 code [0x00000263ac724f80, 0x00000263ac725118]
Event: 161.770 Thread 0x00000263bbfda800 1987       4       com.mycompany.flowmanagementsystem.fmsfunctions::removeNullInStringArrays (104 bytes)
Event: 161.772 Thread 0x00000263bbfdd800 1988  s    3       java.util.Vector::isEmpty (13 bytes)
Event: 161.772 Thread 0x00000263bbfdd800 nmethod 1988 0x00000263a55a0090 code [0x00000263a55a0220, 0x00000263a55a04d8]
Event: 161.858 Thread 0x00000263bbfda800 nmethod 1987 0x00000263ac725190 code [0x00000263ac7255e0, 0x00000263ac72b0e0]
Event: 161.858 Thread 0x00000263bbfda800 1989 % !   4       com.mycompany.flowmanagementsystem.Manual::getManual @ 2213 (3159 bytes)

GC Heap History (2 events):
Event: 5.364 GC heap before
{Heap before GC invocations=0 (full 0):
 garbage-first heap   total 129024K, used 23552K [0x0000000083800000, 0x0000000100000000)
  region size 1024K, 24 young (24576K), 0 survivors (0K)
 Metaspace       used 12962K, capacity 13201K, committed 13312K, reserved 1060864K
  class space    used 1161K, capacity 1261K, committed 1280K, reserved 1048576K
}
Event: 5.373 GC heap after
{Heap after GC invocations=1 (full 0):
 garbage-first heap   total 129024K, used 8335K [0x0000000083800000, 0x0000000100000000)
  region size 1024K, 3 young (3072K), 3 survivors (3072K)
 Metaspace       used 12962K, capacity 13201K, committed 13312K, reserved 1060864K
  class space    used 1161K, capacity 1261K, committed 1280K, reserved 1048576K
}

Deoptimization events (10 events):
Event: 10.005 Thread 0x000002639d56b800 Uncommon trap: reason=unstable_if action=reinterpret pc=0x00000263ac632858 method=java.lang.String.isLatin1()Z @ 10 c2
Event: 145.418 Thread 0x000002639d56b800 Uncommon trap: reason=profile_predicate action=maybe_recompile pc=0x00000263ac6930a4 method=com.mycompany.flowmanagementsystem.sequence.checkForSameETA([Ljava/time/LocalDateTime;J)[Ljava/time/LocalDateTime; @ 34 c2
Event: 147.534 Thread 0x000002639d56b800 Uncommon trap: reason=profile_predicate action=maybe_recompile pc=0x00000263ac6930a4 method=com.mycompany.flowmanagementsystem.sequence.checkForSameETA([Ljava/time/LocalDateTime;J)[Ljava/time/LocalDateTime; @ 34 c2
Event: 148.599 Thread 0x000002639d56b800 Uncommon trap: reason=unstable_if action=reinterpret pc=0x00000263ac6d2288 method=java.util.TreeMap.getEntry(Ljava/lang/Object;)Ljava/util/TreeMap$Entry; @ 4 c2
Event: 148.599 Thread 0x000002639d56b800 Uncommon trap: reason=unstable_if action=reinterpret pc=0x00000263ac6d0fe8 method=java.util.TreeMap.getEntry(Ljava/lang/Object;)Ljava/util/TreeMap$Entry; @ 4 c2
Event: 150.771 Thread 0x000002639d56b800 Uncommon trap: reason=profile_predicate action=maybe_recompile pc=0x00000263ac6cdc30 method=java.util.TreeMap.put(Ljava/lang/Object;Ljava/lang/Object;)Ljava/lang/Object; @ 55 c2
Event: 150.771 Thread 0x000002639d56b800 Uncommon trap: reason=profile_predicate action=maybe_recompile pc=0x00000263ac6cdc30 method=java.util.TreeMap.put(Ljava/lang/Object;Ljava/lang/Object;)Ljava/lang/Object; @ 55 c2
Event: 150.771 Thread 0x000002639d56b800 Uncommon trap: reason=profile_predicate action=maybe_recompile pc=0x00000263ac6cdc30 method=java.util.TreeMap.put(Ljava/lang/Object;Ljava/lang/Object;)Ljava/lang/Object; @ 55 c2
Event: 152.870 Thread 0x000002639d56b800 Uncommon trap: reason=profile_predicate action=maybe_recompile pc=0x00000263ac6cdc30 method=java.util.TreeMap.put(Ljava/lang/Object;Ljava/lang/Object;)Ljava/lang/Object; @ 55 c2
Event: 153.394 Thread 0x000002639d56b800 Uncommon trap: reason=predicate action=maybe_recompile pc=0x00000263ac6cf6ec method=java.util.TreeMap.getEntryUsingComparator(Ljava/lang/Object;)Ljava/util/TreeMap$Entry; @ 19 c2

Classes redefined (0 events):
No events

Internal exceptions (10 events):
Event: 9.982 Thread 0x000002639d56b800 Exception <a 'java/lang/ClassNotFoundException'{0x0000000089845f68}: com/sun/org/apache/xml/internal/serializer/spi/XMLEntitiesProvider> (0x0000000089845f68) thrown at [./open/src/hotspot/share/classfile/systemDictionary.cpp, line 226]
Event: 144.844 Thread 0x000002639d56b800 Exception <a 'java/io/FileNotFoundException'{0x00000000896669d8}> (0x00000000896669d8) thrown at [./open/src/hotspot/share/prims/jni.cpp, line 611]
Event: 144.892 Thread 0x000002639d56b800 Exception <a 'java/lang/NoSuchMethodError'{0x000000008939a460}: java.lang.invoke.DelegatingMethodHandle$Holder.reinvoke_L(Ljava/lang/Object;Ljava/lang/Object;IILjava/lang/Object;Ljava/lang/Object;Ljava/lang/Object;Ljava/lang/Object;Ljava/lang/Object;Ljava
Event: 144.896 Thread 0x000002639d56b800 Exception <a 'java/lang/NoSuchMethodError'{0x00000000893fb108}: java.lang.invoke.DirectMethodHandle$Holder.invokeSpecial(Ljava/lang/Object;Ljava/lang/Object;IIILjava/lang/Object;Ljava/lang/Object;Ljava/lang/Object;Ljava/lang/Object;Ljava/lang/Object;Ljava
Event: 144.896 Thread 0x000002639d56b800 Exception <a 'java/lang/NoSuchMethodError'{0x00000000893fee00}: java.lang.invoke.DelegatingMethodHandle$Holder.reinvoke_L(Ljava/lang/Object;IIILjava/lang/Object;Ljava/lang/Object;Ljava/lang/Object;Ljava/lang/Object;Ljava/lang/Object;Ljava/lang/Object;)Lja
Event: 144.897 Thread 0x000002639d56b800 Exception <a 'java/lang/NoSuchMethodError'{0x0000000089207148}: java.lang.invoke.DirectMethodHandle$Holder.invokeStatic(Ljava/lang/Object;Ljava/lang/Object;Ljava/lang/Object;Ljava/lang/Object;Ljava/lang/Object;I)Ljava/lang/Object;> (0x0000000089207148) th
Event: 144.906 Thread 0x000002639d56b800 Exception <a 'java/lang/NoSuchMethodError'{0x00000000892c7a58}: java.lang.invoke.Invokers$Holder.linkToTargetMethod(Ljava/lang/Object;Ljava/lang/Object;Ljava/lang/Object;Ljava/lang/Object;Ljava/lang/Object;Ljava/lang/Object;Ljava/lang/Object;)Ljava/lang/O
Event: 148.598 Thread 0x000002639d56b800 Implicit null exception at 0x00000263ac6d1bf3 to 0x00000263ac6d2270
Event: 148.599 Thread 0x000002639d56b800 Implicit null exception at 0x00000263ac6d0973 to 0x00000263ac6d0fd0
Event: 153.418 Thread 0x000002639d56b800 Exception <a 'java/io/FileNotFoundException'{0x00000000881532d8}> (0x00000000881532d8) thrown at [./open/src/hotspot/share/prims/jni.cpp, line 611]

Events (10 events):
Event: 153.411 Executing VM operation: RevokeBias
Event: 153.411 Executing VM operation: RevokeBias done
Event: 155.495 Thread 0x000002639d56b800 DEOPT PACKING pc=0x00000263a54b7259 sp=0x000000ffc62fe6f0
Event: 155.495 Thread 0x000002639d56b800 DEOPT UNPACKING pc=0x00000263a4b86dde sp=0x000000ffc62fdd50 mode 0
Event: 159.105 Thread 0x000002639d56b800 DEOPT PACKING pc=0x00000263a54b7259 sp=0x000000ffc62fe9c0
Event: 159.105 Thread 0x000002639d56b800 DEOPT UNPACKING pc=0x00000263a4b86dde sp=0x000000ffc62fe020 mode 0
Event: 160.694 Thread 0x000002639d56b800 DEOPT PACKING pc=0x00000263a54b7259 sp=0x000000ffc62fe6d0
Event: 160.694 Thread 0x000002639d56b800 DEOPT UNPACKING pc=0x00000263a4b86dde sp=0x000000ffc62fdd30 mode 0
Event: 161.770 Thread 0x000002639d56b800 DEOPT PACKING pc=0x00000263a54d2a9e sp=0x000000ffc62fe800
Event: 161.770 Thread 0x000002639d56b800 DEOPT UNPACKING pc=0x00000263a4b86dde sp=0x000000ffc62fdd78 mode 0


Dynamic libraries:
0x00007ff77f5d0000 - 0x00007ff77f5df000 	C:\Program Files\Java\jdk-11.0.14\bin\java.exe
0x00007ffa1b0b0000 - 0x00007ffa1b2a5000 	C:\windows\SYSTEM32\ntdll.dll
0x00007ffa19320000 - 0x00007ffa193dd000 	C:\windows\System32\KERNEL32.DLL
0x00007ffa18b40000 - 0x00007ffa18e08000 	C:\windows\System32\KERNELBASE.dll
0x00007ffa188e0000 - 0x00007ffa189e0000 	C:\windows\System32\ucrtbase.dll
0x00007ff9fa1a0000 - 0x00007ff9fa1b8000 	C:\Program Files\Java\jdk-11.0.14\bin\jli.dll
0x00007ff9c4190000 - 0x00007ff9c41a5000 	C:\Program Files\Java\jdk-11.0.14\bin\VCRUNTIME140.dll
0x00007ffa1ab40000 - 0x00007ffa1abec000 	C:\windows\System32\ADVAPI32.dll
0x00007ffa1af20000 - 0x00007ffa1afbe000 	C:\windows\System32\msvcrt.dll
0x00007ffa19dd0000 - 0x00007ffa19e6b000 	C:\windows\System32\sechost.dll
0x00007ffa1acc0000 - 0x00007ffa1adeb000 	C:\windows\System32\RPCRT4.dll
0x00007ffa19c30000 - 0x00007ffa19dd0000 	C:\windows\System32\USER32.dll
0x00007ffa189e0000 - 0x00007ffa18a02000 	C:\windows\System32\win32u.dll
0x00007ffa1ab10000 - 0x00007ffa1ab3a000 	C:\windows\System32\GDI32.dll
0x00007ff9ff690000 - 0x00007ff9ff92a000 	C:\windows\WinSxS\amd64_microsoft.windows.common-controls_6595b64144ccf1df_6.0.19041.844_none_ca00b6081b84eb1d\COMCTL32.dll
0x00007ffa18e70000 - 0x00007ffa18f7b000 	C:\windows\System32\gdi32full.dll
0x00007ffa18840000 - 0x00007ffa188dd000 	C:\windows\System32\msvcp_win.dll
0x00007ffa11a90000 - 0x00007ffa11a9a000 	C:\windows\SYSTEM32\VERSION.dll
0x00007ffa1a2e0000 - 0x00007ffa1a310000 	C:\windows\System32\IMM32.DLL
0x00007ffa11120000 - 0x00007ffa11321000 	C:\windows\system32\tmumh\20019\AddOn\8.53.0.1060\TmUmEvt64.dll
0x00007ffa197b0000 - 0x00007ffa197b8000 	C:\windows\System32\PSAPI.DLL
0x0000000056df0000 - 0x0000000056f5e000 	C:\windows\system32\tmumh\20019\TmMon\2.8.0.1047\tmmon64.dll
0x00007ff9c3090000 - 0x00007ff9c312b000 	C:\Program Files\Java\jdk-11.0.14\bin\msvcp140.dll
0x00007ff9c3370000 - 0x00007ff9c3e86000 	C:\Program Files\Java\jdk-11.0.14\bin\server\jvm.dll
0x00007ff9fbb60000 - 0x00007ff9fbb69000 	C:\windows\SYSTEM32\WSOCK32.dll
0x00007ffa19590000 - 0x00007ffa195fb000 	C:\windows\System32\WS2_32.dll
0x00007ff9ff170000 - 0x00007ff9ff197000 	C:\windows\SYSTEM32\WINMM.dll
0x00007ffa16710000 - 0x00007ffa16722000 	C:\windows\SYSTEM32\kernel.appcore.dll
0x00007ff9dad70000 - 0x00007ff9dad80000 	C:\Program Files\Java\jdk-11.0.14\bin\verify.dll
0x00007ff9ff350000 - 0x00007ff9ff534000 	C:\windows\SYSTEM32\DBGHELP.DLL
0x00007ff9ff090000 - 0x00007ff9ff0bc000 	C:\windows\SYSTEM32\dbgcore.DLL
0x00007ffa18ac0000 - 0x00007ffa18b40000 	C:\windows\System32\bcryptPrimitives.dll
0x00007ff9c4160000 - 0x00007ff9c4188000 	C:\Program Files\Java\jdk-11.0.14\bin\java.dll
0x00007ff9d3430000 - 0x00007ff9d343a000 	C:\Program Files\Java\jdk-11.0.14\bin\jimage.dll
0x00007ff9c3310000 - 0x00007ff9c3326000 	C:\Program Files\Java\jdk-11.0.14\bin\zip.dll
0x00007ffa1a3c0000 - 0x00007ffa1ab02000 	C:\windows\System32\SHELL32.dll
0x00007ffa16910000 - 0x00007ffa170a1000 	C:\windows\SYSTEM32\windows.storage.dll
0x00007ffa19f80000 - 0x00007ffa1a2d5000 	C:\windows\System32\combase.dll
0x00007ffa18190000 - 0x00007ffa181bc000 	C:\windows\SYSTEM32\Wldp.dll
0x00007ffa1afc0000 - 0x00007ffa1b06e000 	C:\windows\System32\SHCORE.dll
0x00007ffa193e0000 - 0x00007ffa19435000 	C:\windows\System32\shlwapi.dll
0x00007ffa18730000 - 0x00007ffa1874f000 	C:\windows\SYSTEM32\profapi.dll
0x00007ff9c32f0000 - 0x00007ff9c3309000 	C:\Program Files\Java\jdk-11.0.14\bin\net.dll
0x00007ffa12240000 - 0x00007ffa1234b000 	C:\windows\SYSTEM32\WINHTTP.dll
0x00007ffa17f20000 - 0x00007ffa17f8a000 	C:\windows\system32\mswsock.dll
0x00007ff9c32d0000 - 0x00007ff9c32e2000 	C:\Program Files\Java\jdk-11.0.14\bin\nio.dll

dbghelp: loaded successfully - version: 4.0.5 - missing functions: none
symbol engine: initialized successfully - sym options: 0x614 - pdb path: .;C:\Program Files\Java\jdk-11.0.14\bin;C:\windows\SYSTEM32;C:\windows\WinSxS\amd64_microsoft.windows.common-controls_6595b64144ccf1df_6.0.19041.844_none_ca00b6081b84eb1d;C:\windows\system32\tmumh\20019\AddOn\8.53.0.1060;C:\windows\system32\tmumh\20019\TmMon\2.8.0.1047;C:\Program Files\Java\jdk-11.0.14\bin\server

VM Arguments:
java_command: com.mycompany.flowmanagementsystem.mainFlowManagementSystem
java_class_path (initial): C:\Users\sbilau\Documents\FlowManagementSystem\flowcontrolrepo30.06.2022_copy\FlowManagementSystem\target\classes;C:\Users\sbilau\.m2\repository\junit\junit\4.13.2\junit-4.13.2.jar;C:\Users\sbilau\.m2\repository\org\hamcrest\hamcrest-core\1.3\hamcrest-core-1.3.jar;C:\Users\sbilau\.m2\repository\com\fasterxml\jackson\core\jackson-databind\2.13.1\jackson-databind-2.13.1.jar;C:\Users\sbilau\.m2\repository\com\fasterxml\jackson\core\jackson-annotations\2.13.1\jackson-annotations-2.13.1.jar;C:\Users\sbilau\.m2\repository\com\fasterxml\jackson\core\jackson-core\2.13.1\jackson-core-2.13.1.jar;C:\Users\sbilau\.m2\repository\com\fasterxml\jackson\dataformat\jackson-dataformat-xml\2.9.7\jackson-dataformat-xml-2.9.7.jar;C:\Users\sbilau\.m2\repository\com\fasterxml\jackson\module\jackson-module-jaxb-annotations\2.9.7\jackson-module-jaxb-annotations-2.9.7.jar;C:\Users\sbilau\.m2\repository\org\codehaus\woodstox\stax2-api\3.1.4\stax2-api-3.1.4.jar;C:\Users\sbilau\.m2\repository\com\fasterxml\woodstox\woodstox-core\5.0.3\woodstox-core-5.0.3.jar;C:\Users\sbilau\.m2\repository\org\assertj\assertj-core\3.21.0\assertj-core-3.21.0.jar;C:\Users\sbilau\.m2\repository\org\junit\jupiter\junit-jupiter-api\5.8.2\junit-jupiter-api-5.8.2.jar;C:\Users\sbilau\.m2\repository\org\opentest4j\opentest4j\1.2.0\opentest4j-1.2.0.jar;C:\Users\sbilau\.m2\repository\org\junit\platform\junit-platform-commons\1.8.2\junit-platform-commons-1.8.2.jar;C:\Users\sbilau\.m2\repository\org\apiguardian\apiguardian-api\1.1.2\apiguardian-api-1.1.2.jar;C:\Users\sbilau\.m2\repository\jakarta\xml\bind\jakarta.xml.bind-api\2.3.3\jakarta.xml.bind-api-2.3.3.jar;C:\Users\sbilau\.m2\repository\jakarta\activation\jakarta.activation-api\1.2.2\jakarta.activation-api-1.2.2.jar;C:\Users\sbilau\.m2\repository\org\glassfish\jaxb\jaxb-runtime\2.3.2\jaxb-runtime-2.3.2.jar;C:\Users\sbilau\.m2\repository\org\glassfish\jaxb\txw2\2.3.2\txw2-2.3.2.jar;C:\Users\sbilau\.m2\repository\com\sun\istack\istack-commons
Launcher Type: SUN_STANDARD

[Global flags]
     intx CICompilerCount                          = 4                                         {product} {ergonomic}
     uint ConcGCThreads                            = 3                                         {product} {ergonomic}
     uint G1ConcRefinementThreads                  = 10                                        {product} {ergonomic}
   size_t G1HeapRegionSize                         = 1048576                                   {product} {ergonomic}
    uintx GCDrainStackTargetSize                   = 64                                        {product} {ergonomic}
   size_t InitialHeapSize                          = 132120576                                 {product} {ergonomic}
   size_t MarkStackSize                            = 4194304                                   {product} {ergonomic}
   size_t MaxHeapSize                              = 2088763392                                {product} {ergonomic}
   size_t MaxNewSize                               = 1253048320                                {product} {ergonomic}
   size_t MinHeapDeltaBytes                        = 1048576                                   {product} {ergonomic}
    uintx NonNMethodCodeHeapSize                   = 5836300                                {pd product} {ergonomic}
    uintx NonProfiledCodeHeapSize                  = 122910970                              {pd product} {ergonomic}
    uintx ProfiledCodeHeapSize                     = 122910970                              {pd product} {ergonomic}
    uintx ReservedCodeCacheSize                    = 251658240                              {pd product} {ergonomic}
     bool SegmentedCodeCache                       = true                                      {product} {ergonomic}
     bool UseCompressedClassPointers               = true                                 {lp64_product} {ergonomic}
     bool UseCompressedOops                        = true                                 {lp64_product} {ergonomic}
     bool UseG1GC                                  = true                                      {product} {ergonomic}
     bool UseLargePagesIndividualAllocation        = false                                  {pd product} {ergonomic}

Logging:
Log output configuration:
 #0: stdout all=warning uptime,level,tags
 #1: stderr all=off uptime,level,tags

Environment Variables:
JAVA_HOME=C:\Program Files\Java\jdk-11.0.14
PATH=C:\Program Files\Common Files\Oracle\Java\javapath;C:\Program Files (x86)\Common Files\Oracle\Java\javapath;C:\Python310\Scripts\;C:\Python310\;C:\windows\system32;C:\windows;C:\windows\System32\Wbem;C:\windows\System32\WindowsPowerShell\v1.0\;C:\windows\System32\OpenSSH\;C:\Program Files\Git\cmd;C:\ProgramData\chocolatey\bin;C:\Program Files\nodejs\;C:\wamp64\bin\php\php8.0.13;C:\ProgramData\ComposerSetup\bin;C:\Program Files\Docker\Docker\resources\bin;C:\ProgramData\DockerDesktop\version-bin;C:\Program Files\PuTTY\;C:\Users\sbilau\AppData\Local\Microsoft\WindowsApps;C:\Users\sbilau\AppData\Local\Programs\Microsoft VS Code\bin;C:\Program Files\JetBrains\IntelliJ IDEA Community Edition 2021.3.2\bin;;C:\Users\sbilau\AppData\Roaming\npm;C:\Users\sbilau\AppData\Roaming\Composer\vendor\bin
USERNAME=sbilau
OS=Windows_NT
PROCESSOR_IDENTIFIER=Intel64 Family 6 Model 165 Stepping 3, GenuineIntel



---------------  S Y S T E M  ---------------

OS: Windows 10 , 64 bit Build 19041 (10.0.19041.928)
Hyper-V role detected

CPU:total 12 (initial active 12) (6 cores per cpu, 2 threads per core) family 6 model 165 stepping 3 microcode 0xea, cmov, cx8, fxsr, mmx, sse, sse2, sse3, ssse3, sse4.1, sse4.2, popcnt, avx, avx2, aes, clmul, erms, 3dnowpref, lzcnt, ht, tsc, tscinvbit, bmi1, bmi2, adx, fma

Memory: 4k page, system-wide physical 7967M (256M free)
TotalPageFile size 32543M (AvailPageFile size 2M)
current process WorkingSet (physical memory assigned to process): 337M, peak: 337M
current process commit charge ("private bytes"): 465M, peak: 465M

vm_info: Java HotSpot(TM) 64-Bit Server VM (11.0.14+8-LTS-263) for windows-amd64 JRE (11.0.14+8-LTS-263), built on Dec  7 2021 21:53:57 by "mach5one" with MS VC++ 15.9 (VS2017)

END.
